10240
4836
5295
5311
4734
5157
5183
4945
5448
4455
4926
5261
4920
5469
5166
5095
5674
4462
5065
4840
5180
5267
6015
5010
5871
4886
5650
4989
5160
5101
5618
6428
5465
5301
5324
4700
4307
4407
4146
5202
5129
4602
4953
5040
4937
5130
4773
5273
5470
5553
5868
5322
6901
6964
6471
6499
6223
7116
7223
8579
8644
8771
9097
9834
8910
7287
7946
7408
7493
8930
7932
8234
9655
9561
9118
8168
7978
9735
9881
10145
9667
8681
9555
10646
10501
10556
12009
10427
11115
12410
11956
13269
12675
13237
13159
11423
13889
12851
14947
13549
12569
12642
13122
13246
13330
12049
13644
13524
13979
15015
15283
14550
12515
14852
11723
13676
13972
12538
13307
13001
13840
11812
12160
13487
13845
12390
9849
11262
10976
10038
11109
11011
10079
11877
10177
10213
10713
9699
10792
9701
9924
10156
9182
