1030
455
806
742
780
756
614
496
622
418
590
528
572
465
593
481
432
477
372
353
471
484
465
638
433
430
381
357
538
437
428
487
401
490
446
425
550
473
489
582
480
533
454
465
393
360
369
433
472
492
559
527
418
608
400
421
474
620
501
424
441
494
484
442
471
574
440
367
457
607
517
570
609
539
479
562
561
431
462
361
502
448
477
473
553
475
549
487
410
530
487
460
369
479
571
526
437
502
469
382
409
410
488
437
367
446
416
396
293
493
500
423
480
497
430
402
446
446
395
492
369
408
281
250
280
443
456
501
508
497
472
481
540
622
381
417
534
473
466
526
516
468
504
479
450
419
429
480
297
416
419
488
472
465
469
386
368
487
425
448
376
448
448
572
469
454
456
503
395
396
393
408
506
396
504
528
432
371
409
571
545
505
462
476
420
487
441
492
529
449
469
420
342
318
351
398
386
448
445
437
514
500
448
486
506
459
479
536
527
580
467
455
458
474
437
492
521
484
602
546
627
525
452
479
468
553
452
512
475
530
558
357
308
436
422
470
519
470
377
443
430
480
502
453
486
442
476
536
360
275
303
283
304
355
382
445
438
453
396
261
413
401
427
410
545
405
491
497
519
496
453
489
437
456
546
444
527
479
538
382
428
414
365
317
400
348
502
547
493
508
526
558
506
439
476
521
527
453
530
652
579
587
445
413
466
510
480
457
426
428
385
332
422
549
389
430
469
439
474
506
592
503
367
463
609
461
489
400
518
516
486
526
546
464
489
406
494
542
443
406
354
423
480
463
504
486
485
430
430
518
443
357
405
435
413
442
382
504
380
487
464
461
430
447
356
339
427
389
431
461
411
333
223
396
397
469
505
546
440
477
531
353
456
404
308
642
507
602
539
435
421
366
429
508
401
446
453
599
447
436
440
366
499
428
327
360
609
539
536
497
847
721
514
467
397
384
379
450
474
475
450
519
581
388
339
517
465
312
393
436
484
450
602
426
296
343
305
344
364
428
359
357
498
563
546
420
340
433
558
423
290
201
226
176
183
268
287
215
152
137
397
467
421
334
433
300
423
456
482
459
350
465
387
442
483
470
363
504
419
541
443
458
495
477
444
348
492
458
272
275
316
380
508
345
415
382
271
345
464
424
415
367
374
334
276
348
392
315
430
250
338
380
402
358
350
345
420
421
459
503
352
318
354
449
264
236
196
336
448
457
483
456
453
438
501
381
510
421
308
326
400
191
286
144
152
126
161
180
294
303
230
301
315
426
323
506
393
423
470
320
172
281
85
241
258
64
157
394
320
440
407
550
336
506
523
343
565
427
223
395
360
288
475
448
422
347
525
330
400
489
621
520
398
342
430
336
438
445
385
451
489
388
463
517
369
417
407
438
389
422
322
332
215
351
345
385
549
530
514
460
375
301
274
257
396
556
498
580
359
469
365
329
220
379
395
335
415
343
323
327
251
397
331
160
150
300
247
55
161
247
444
456
400
459
541
481
655
469
614
511
436
191
306
465
469
611
381
254
532
457
504
387
421
382
368
489
577
469
578
459
426
388
481
536
493
445
437
501
570
503
512
562
521
611
463
445
549
588
468
535
469
361
483
514
421
539
494
451
469
458
311
436
419
468
522
438
455
500
329
473
505
437
475
410
480
544
579
493
452
612
451
505
478
435
499
398
441
513
353
387
397
528
663
511
514
506
584
456
431
412
546
472
431
518
409
478
462
508
556
440
532
527
489
435
596
607
471
444
474
607
522
498
549
531
519
596
541
508
623
458
552
584
480
446
524
570
428
492
537
452
362
495
450
461
510
441
552
457
517
492
486
440
431
469
435
470
395
429
409
327
440
408
490
445
597
515
622
577
484
485
460
484
528
481
592
564
606
614
595
652
571
515
409
476
347
375
434
380
504
525
569
481
515
483
594
561
551
594
530
484
533
500
522
541
472
508
517
485
519
550
438
356
363
333
373
386
306
398
421
434
470
447
549
456
531
444
472
505
455
578
547
569
678
522
508
585
624
526
555
608
616
561
581
555
457
514
419
435
564
496
442
488
426
544
514
502
642
616
493
473
540
569
592
494
374
438
499
438
538
479
472
560
467
396
495
677
548
573
454
605
498
520
555
540
679
522
845
732
547
471
641
629
528
613
728
673
507
533
755
701
615
588
531
735
553
516
615
589
711
605
764
608
493
668
587
832
762
630
792
665
613
518
487
566
674
816
715
705
460
610
599
663
663
679
708
583
558
601
428
665
635
585
656
873
733
621
529
501
538
535
538
705
714
492
493
512
684
780
694
503
713
857
841
778
682
545
501
468
478
473
354
501
572
449
531
531
620
583
574
656
844
718
752
747
743
626
1029
728
797
779
901
802
827
764
786
805
452
526
494
573
466
473
505
581
648
555
653
932
826
961
928
772
570
888
1009
952
960
1073
1006
906
955
812
911
860
739
874
731
791
793
765
835
640
786
666
592
772
773
734
849
881
835
922
969
873
823
947
911
873
698
644
1059
865
1034
785
839
825
902
691
852
704
687
720
585
885
930
832
931
916
1058
857
764
803
848
657
741
759
1009
949
955
682
780
736
761
903
895
791
674
961
768
900
1014
889
991
807
767
758
546
558
582
481
651
511
547
641
592
551
569
593
606
630
513
695
496
528
606
607
703
1107
734
796
720
806
571
524
680
659
609
550
579
435
586
795
778
686
491
581
571
627
844
835
729
529
772
620
767
634
507
592
735
924
903
842
796
823
1042
940
1077
814
897
742
674
485
646
862
991
647
773
909
894
911
624
633
657
608
556
661
696
708
646
715
658
610
575
567
575
752
492
544
575
693
760
830
721
610
512
518
623
568
688
730
643
685
522
761
615
601
716
744
724
641
663
601
741
800
527
589
581
673
550
556
590
679
507
464
543
591
507
611
622
541
685
669
890
876
1007
933
935
1029
1058
714
890
832
921
710
755
751
622
553
686
785
696
763
836
753
493
533
618
556
716
665
476
607
606
597
627
511
688
517
524
556
626
749
564
522
505
591
702
603
637
558
604
585
615
765
718
622
972
697
989
858
734
712
587
661
740
587
613
613
439
564
577
783
531
819
561
554
611
510
574
540
512
588
483
553
618
481
495
474
643
489
478
577
551
586
539
650
546
634
549
663
607
613
581
600
539
557
503
649
530
422
373
538
540
599
523
509
563
573
504
670
550
564
497
486
417
607
597
513
536
578
562
547
606
402
481
559
408
540
620
539
490
442
585
538
456
457
505
523
516
458
550
505
591
611
541
609
544
742
436
