1378
859
1033
1040
1047
787
694
641
920
1005
1011
1116
1386
921
952
1024
905
900
945
906
933
817
1028
927
1063
998
1003
979
828
826
753
790
880
622
796
725
1009
814
826
805
900
846
746
807
863
729
847
807
589
688
817
693
883
711
685
632
840
787
872
856
791
857
841
856
979
854
848
597
825
1407
1047
923
807
751
805
646
714
636
749
925
637
711
729
713
666
711
695
658
833
707
668
799
739
720
730
843
711
794
716
688
726
805
838
762
777
753
732
729
746
774
815
749
784
849
760
632
759
725
916
846
745
691
739
697
484
705
676
762
650
682
851
730
781
623
705
486
500
629
606
723
723
648
659
542
738
841
592
666
634
459
612
673
622
642
754
610
716
759
639
646
704
682
726
621
529
505
611
582
514
535
533
547
612
727
656
788
740
882
516
554
474
512
665
718
429
613
496
609
392
481
501
509
662
653
571
531
727
715
556
747
721
811
681
690
822
715
627
576
757
565
560
660
690
534
737
587
663
507
571
601
547
528
493
594
730
722
687
607
529
550
575
597
548
546
517
488
481
653
641
468
609
468
384
329
377
447
506
528
413
319
373
457
511
653
531
675
511
561
558
547
612
575
753
691
657
720
721
708
656
639
764
760
724
716
886
613
792
875
824
758
583
600
693
752
446
425
716
628
663
760
645
595
752
582
546
565
502
603
541
620
709
815
678
709
500
575
668
548
682
750
674
630
563
775
814
614
759
635
695
858
753
902
940
789
622
684
796
750
709
520
630
571
652
700
574
772
748
704
691
609
560
450
545
561
496
409
546
750
674
725
609
535
577
657
607
746
619
439
577
628
666
618
423
440
699
605
625
540
715
732
581
486
741
706
577
614
601
688
653
599
536
598
515
695
569
574
689
535
588
708
775
738
677
538
651
606
696
591
696
617
671
600
345
671
705
595
575
620
659
597
608
505
422
472
394
551
513
586
653
589
476
497
431
268
348
405
353
418
526
396
438
401
379
321
405
439
462
305
806
426
433
468
356
409
362
301
398
452
399
524
460
519
557
411
494
456
415
499
488
539
726
568
484
396
480
472
662
738
599
448
794
480
500
513
485
403
423
605
640
512
492
540
604
524
560
470
479
422
414
466
654
554
456
526
653
637
721
553
558
357
470
280
360
309
449
466
407
464
545
458
350
371
423
381
342
329
490
391
337
291
467
294
394
583
556
521
554
793
667
715
752
500
618
706
745
489
335
467
535
453
611
460
360
408
451
688
415
528
487
573
351
428
699
413
343
435
475
721
735
692
680
699
603
375
523
678
586
404
374
321
321
390
370
467
342
328
351
520
609
567
808
716
740
805
752
532
546
605
487
424
398
388
535
589
428
456
437
423
365
458
367
411
397
399
380
355
481
325
407
418
443
482
467
589
507
539
495
446
498
475
703
584
872
942
914
869
1016
543
644
595
486
799
691
772
868
765
652
706
644
720
659
712
625
908
654
864
832
765
714
803
829
848
700
779
806
811
670
718
719
830
877
972
666
710
880
737
716
1021
938
831
913
994
631
719
675
809
700
743
835
973
864
535
653
817
675
688
696
577
591
795
810
630
754
806
642
604
781
828
856
919
670
586
558
855
910
778
831
831
862
995
904
687
876
881
869
741
805
771
888
860
807
807
747
913
713
880
717
897
768
803
801
725
644
605
769
810
733
745
782
833
723
730
800
892
757
1052
991
727
813
892
835
737
494
602
680
610
904
708
480
515
706
779
578
788
871
799
714
745
594
658
813
566
725
683
418
675
679
631
574
613
932
873
935
835
797
714
720
843
616
648
838
933
850
785
760
719
846
899
748
725
722
768
823
556
725
851
770
797
671
641
751
669
739
786
886
830
733
684
737
766
833
953
1072
939
918
817
723
745
786
675
791
800
863
883
937
941
785
710
759
1000
906
960
891
1058
1080
1104
851
994
851
918
1203
1164
1234
1110
1010
1033
922
952
1094
1135
1123
987
937
934
851
714
674
741
1002
1094
925
1092
1114
984
1129
1432
1053
983
1263
1150
1398
913
895
979
803
880
988
1077
895
1044
934
761
935
959
931
1135
1269
1035
928
926
898
1116
1049
1063
1245
1181
873
956
1065
1046
1182
1171
1347
1018
883
844
1152
1017
1208
1152
1232
959
827
991
753
1100
839
861
822
721
910
724
919
721
1044
1038
998
1273
1272
1188
1165
1213
1413
1333
886
885
1106
1031
911
1069
1121
898
1044
821
762
936
874
1005
1022
844
892
1011
1177
1188
1224
1109
1164
1077
1254
1222
1084
1256
1032
973
1435
1334
1133
1247
1046
1175
1029
1231
967
1096
1250
1346
1396
1255
1434
1242
1036
983
1352
1160
1285
1406
1284
1205
1277
1128
1364
1426
1432
1296
1184
1280
1337
1250
1288
1317
1200
1216
1292
1273
1252
1079
1419
1075
1307
1150
1198
1284
1186
1365
1251
1215
1030
1128
1278
1348
1360
1110
1187
1192
1434
1335
1232
1142
1108
1165
1194
1237
1526
1183
1338
1301
1151
1249
1167
1304
1175
1169
1517
1353
951
1191
1135
1167
969
1075
1094
1096
1212
1082
1091
1243
1438
1409
1437
1369
1401
1250
1002
1061
986
1085
996
1154
1352
1238
1220
1396
1294
1245
1162
1272
960
951
1292
1332
1513
1283
1319
1263
1521
1398
1225
1450
1509
1431
1297
1181
1084
1069
1107
1106
1321
1453
1265
1546
1475
1229
1345
1454
1365
1438
1432
1360
1500
1246
1346
1425
1590
1402
1440
1474
1412
1354
1299
1224
1259
1303
1587
1310
1371
1277
1129
1346
1344
1385
1294
1184
1162
1341
1116
1057
1112
1050
847
856
955
967
905
1014
1086
1025
1078
1258
1500
1192
1106
1164
1220
1299
1293
1077
890
1207
1227
1100
1330
1408
1415
1849
1473
1222
1154
1140
1334
1430
1209
1341
1324
1201
1014
992
1067
939
900
704
905
967
904
1023
944
1325
1051
1100
1110
889
1046
806
805
908
1032
1325
1200
1244
1332
1377
1302
1166
1334
1392
1421
1153
1268
1344
1493
1438
1289
1219
1252
1292
1272
1267
1248
1306
1156
1186
974
1192
1078
1451
1158
1367
1215
1209
1310
1237
984
1014
913
812
1033
969
1096
768
903
786
1027
899
1166
1293
1049
948
1223
1114
891
785
1181
1209
1194
1252
1154
1128
812
902
842
1017
1183
954
978
889
778
1023
969
904
796
924
1018
951
896
925
1233
1152
1152
1110
1050
1191
1043
1357
1345
1306
1154
1228
1118
1094
980
877
967
762
1090
1201
1088
1256
1133
923
867
898
1145
872
1097
1055
1050
925
1036
1029
1067
1040
988
874
960
773
1034
1094
855
1035
944
881
824
801
928
899
692
1051
920
1053
1133
835
701
763
820
754
896
931
811
635
837
676
884
856
887
826
767
851
812
717
840
676
825
807
937
955
1125
1165
1103
954
1013
1136
1242
1439
1083
1057
1162
1088
830
1098
1079
956
869
917
864
856
885
870
999
881
838
883
587
580
642
744
877
791
694
809
758
817
883
701
617
788
738
693
694
483
563
336
365
581
795
752
566
484
643
552
659
477
477
487
564
515
537
582
677
454
544
537
581
617
421
433
353
424
414
494
410
