9363
9277
8911
8808
9404
9675
8622
6543
8037
7264
6940
6637
6640
7280
7531
8387
8016
6931
7085
7970
7310
8319
6216
5483
5731
5791
6420
5647
5444
6103
5708
6829
5181
4867
4881
4945
4490
5328
5107
4331
5081
4739
4429
4956
4850
5160
5073
5268
5910
5638
6374
5506
6209
7519
5310
5743
6490
8007
8783
8588
9619
9726
9676
8767
9858
9973
9699
10830
10310
11213
11308
10889
10314
11084
10354
10816
10500
10594
11583
10294
12019
14168
12445
11616
11611
14856
11714
14946
14143
15283
16026
16116
15095
15048
18103
16772
16445
16114
15617
17780
16458
15152
14437
18821
18887
15051
17705
17830
15333
17085
15922
17123
17307
16825
16412
15689
15064
15111
14951
13600
15357
15657
15849
16825
16616
16643
15271
13889
15737
14562
12920
14106
14641
13959
13756
13862
10912
7797
1175
1309
6622
10163
12321
10990
