741
397
418
477
510
557
683
409
359
472
453
396
392
404
388
348
381
443
549
757
846
738
702
733
610
627
745
804
510
662
518
458
536
563
452
508
496
540
556
492
553
505
437
583
552
762
814
732
524
484
498
515
455
451
476
520
469
505
514
475
662
556
529
578
449
637
441
446
396
556
573
625
683
533
610
445
490
660
570
727
702
599
870
469
541
516
469
508
507
445
497
475
517
437
374
376
426
404
469
504
452
419
421
499
466
571
439
481
516
514
589
505
510
441
494
466
395
671
542
474
434
348
466
399
363
433
466
533
439
469
458
393
398
411
429
420
544
574
654
520
410
439
502
430
509
475
488
370
496
507
503
525
396
465
539
505
443
417
438
395
349
527
467
406
389
453
576
454
408
458
456
397
419
538
393
466
373
427
527
499
484
432
506
523
423
380
554
501
536
364
493
586
476
653
476
385
444
517
441
522
459
454
521
581
417
566
537
496
589
463
424
475
571
523
479
501
481
457
516
512
390
433
406
452
540
472
582
432
419
514
587
458
522
443
422
491
406
449
423
421
450
488
495
486
380
473
521
493
481
563
537
460
428
425
419
391
466
458
363
472
456
419
360
339
498
383
428
451
419
426
518
515
584
441
448
363
435
497
507
627
472
472
687
592
549
446
461
379
453
428
468
471
606
469
442
492
564
613
595
554
458
463
384
366
322
374
477
336
403
469
504
675
455
482
380
450
362
416
468
477
554
376
457
506
452
447
367
355
443
546
547
529
488
329
396
461
407
499
400
455
537
431
379
391
458
326
334
342
664
595
547
539
348
331
365
339
320
393
377
453
416
418
467
422
447
459
401
421
443
383
487
445
436
555
567
502
594
506
516
634
516
567
447
487
475
486
431
347
382
435
324
363
409
446
364
439
350
418
457
473
488
431
397
463
446
531
361
400
404
415
398
494
217
224
298
290
123
211
342
361
374
441
532
452
402
444
350
254
284
261
442
317
367
292
235
276
327
361
312
351
409
342
290
288
218
365
300
336
284
378
502
283
500
429
377
205
279
280
224
339
494
446
413
376
321
382
348
470
267
466
404
448
245
341
432
456
358
425
496
335
440
393
412
240
407
465
430
585
468
430
449
220
466
362
374
412
447
391
383
231
218
199
154
267
238
273
138
311
302
282
349
453
475
504
457
403
401
409
243
260
498
504
231
181
373
439
441
359
404
266
338
259
364
390
311
328
435
260
381
415
350
402
353
417
389
500
475
417
437
440
457
387
477
428
351
442
442
541
363
274
239
369
281
314
427
365
419
541
410
469
455
374
454
317
251
232
218
141
241
167
298
323
209
231
193
137
455
366
172
430
482
355
260
341
476
369
413
422
340
375
422
434
437
449
557
427
363
434
463
404
351
411
389
369
539
372
390
356
413
465
401
378
487
456
522
427
427
441
353
351
358
361
336
360
330
364
390
349
428
334
464
346
366
381
221
430
229
268
418
322
436
556
534
565
532
570
545
529
467
449
524
521
483
467
583
391
421
598
513
653
530
414
381
416
504
486
401
456
516
490
547
518
553
420
528
389
564
470
620
521
533
400
363
411
379
404
395
368
352
480
279
331
350
402
396
365
334
333
407
379
449
450
431
415
509
590
549
432
445
368
476
569
512
527
453
453
508
459
414
376
474
449
482
438
513
375
448
385
127
224
360
341
409
449
422
411
439
508
448
389
319
411
413
241
270
412
325
452
498
505
453
529
473
368
466
516
473
515
564
532
491
545
490
566
551
363
449
527
497
463
391
295
576
422
487
449
448
513
414
408
447
488
514
434
470
477
511
525
476
465
458
292
417
385
400
402
452
356
517
292
399
432
474
406
552
510
417
494
333
454
432
483
445
496
628
557
499
373
412
408
500
430
410
450
510
512
463
459
437
386
478
472
537
549
543
416
451
488
402
471
586
537
457
528
599
565
499
592
576
492
586
530
546
488
479
451
469
483
415
365
506
579
461
423
388
385
530
463
483
509
391
384
394
525
415
557
392
422
573
437
415
453
501
508
384
473
527
413
487
390
456
501
419
423
467
489
458
629
694
748
813
728
705
564
516
504
606
586
534
820
714
535
608
632
594
627
587
640
839
460
565
667
746
667
560
540
400
535
383
850
732
568
554
901
957
633
692
416
507
712
468
699
726
795
584
764
494
456
447
594
384
395
488
542
614
493
572
596
566
564
559
476
514
638
774
597
716
601
550
569
807
917
747
983
868
751
764
720
919
715
575
731
663
778
984
863
758
748
636
665
725
701
645
800
617
664
802
1162
900
889
696
453
611
893
863
536
838
595
490
541
527
535
626
587
461
431
555
445
573
689
516
431
552
480
410
459
415
547
493
814
556
628
668
651
506
784
694
934
706
761
612
497
572
579
378
514
607
547
676
678
703
526
517
615
679
622
797
581
589
604
725
867
878
720
808
586
717
682
677
730
897
715
848
749
559
382
490
527
565
588
529
620
864
610
625
849
905
686
820
1137
914
885
897
950
913
885
904
965
996
682
1068
637
676
717
560
521
447
409
732
827
737
727
667
871
940
726
390
590
430
625
567
503
688
797
814
752
736
923
548
617
635
718
735
651
986
749
914
500
538
653
736
757
797
852
940
975
816
871
632
690
625
676
513
431
491
672
777
714
522
866
760
977
704
643
827
982
977
716
501
753
888
682
614
669
547
496
458
536
529
565
611
610
568
478
589
647
777
541
646
745
800
817
534
734
853
626
524
589
794
919
799
763
936
727
653
719
1061
880
786
818
586
745
760
627
823
523
671
779
535
808
760
657
704
906
1003
1116
1001
1036
775
944
815
984
801
841
815
660
751
591
649
828
701
758
677
725
717
824
666
1045
1035
728
636
856
765
909
840
862
775
814
873
645
862
1021
582
894
1002
703
651
501
611
601
659
550
572
529
511
650
602
846
792
785
688
836
700
854
623
657
745
607
643
657
962
873
497
579
653
555
548
658
959
605
781
630
683
839
764
710
864
864
655
690
662
617
823
776
769
794
798
623
525
560
585
644
571
498
681
711
547
549
544
530
448
422
414
575
678
618
444
423
444
556
708
531
513
505
676
618
758
690
925
787
536
554
564
411
620
675
661
500
662
891
726
748
657
623
739
643
620
560
644
547
474
661
689
593
480
570
536
569
443
525
581
690
514
590
464
448
573
590
546
581
465
470
516
666
514
515
420
399
480
581
484
430
450
469
559
435
483
705
532
491
524
485
406
490
673
477
516
458
440
471
494
499
397
402
426
467
477
431
419
