1106
525
444
467
613
506
525
485
524
457
481
419
478
507
432
544
670
525
532
473
481
417
462
472
594
547
436
562
392
457
489
489
510
587
537
546
592
480
608
572
551
490
572
499
646
555
521
436
469
501
544
578
447
593
308
337
415
574
437
425
465
487
444
603
584
521
640
458
530
495
564
614
627
553
515
383
443
534
455
456
437
381
485
449
583
504
654
434
562
463
465
581
606
631
597
589
499
484
533
570
442
522
437
342
443
386
410
500
403
381
545
638
539
430
426
407
423
564
573
683
489
526
531
491
497
526
438
562
518
641
467
388
440
522
536
419
482
466
559
656
658
592
517
475
478
539
540
449
565
678
491
559
469
451
449
482
466
577
544
591
549
634
532
656
425
371
420
485
432
522
535
612
573
596
559
583
615
563
516
470
384
312
578
341
388
508
477
456
548
453
445
507
604
414
485
614
437
574
532
542
555
494
406
463
490
484
409
506
491
510
501
508
490
452
545
556
514
625
479
512
615
507
509
543
484
492
487
588
530
678
569
782
607
617
593
559
476
541
593
535
491
483
465
493
528
440
543
481
551
612
574
543
591
658
627
611
520
602
533
502
447
529
477
532
470
450
533
419
527
482
625
483
640
518
548
533
564
626
631
373
512
505
433
495
587
518
556
473
537
485
404
460
433
437
622
549
673
616
481
647
474
518
570
482
542
455
514
452
447
389
424
510
556
508
470
458
534
814
955
886
684
770
607
529
507
602
594
577
672
582
501
464
464
675
482
539
547
610
601
562
583
524
545
427
567
518
603
485
487
597
466
537
654
534
429
569
511
555
472
407
375
507
433
434
509
586
548
453
448
458
347
494
463
402
435
524
405
322
457
520
478
379
420
424
371
376
518
382
539
558
406
460
294
367
311
381
379
494
496
471
420
563
554
598
622
465
440
540
529
540
547
439
545
416
431
593
525
544
549
591
445
473
487
474
459
343
357
462
511
547
418
367
503
392
653
474
487
529
583
578
523
490
462
491
423
476
491
567
539
449
564
515
492
558
408
410
474
498
569
509
417
617
475
672
551
562
489
448
390
448
521
458
349
511
529
462
552
547
396
420
443
548
678
450
547
468
601
464
654
520
643
631
758
388
511
578
522
443
476
572
559
729
553
571
568
561
461
511
468
496
675
548
574
646
571
640
663
496
559
549
566
535
573
462
427
428
548
607
627
598
623
590
728
659
578
777
904
847
597
674
494
961
551
695
698
869
777
591
654
702
794
633
628
686
574
473
558
692
731
682
663
673
586
577
759
575
678
759
547
560
766
498
670
563
508
530
646
766
716
472
570
726
841
989
726
977
524
500
791
983
896
584
567
677
643
620
647
731
875
840
971
773
542
1066
883
753
828
907
1016
905
961
921
1076
1085
887
965
531
493
820
922
793
734
693
1120
1048
1028
693
764
976
1224
929
590
856
1059
914
973
936
743
873
992
944
973
1125
940
952
963
1113
932
900
869
749
886
848
941
899
1035
885
898
900
984
1135
838
655
719
493
456
654
717
636
528
624
918
1143
904
789
890
813
683
654
1043
895
543
524
593
623
696
878
891
722
576
701
992
816
871
854
719
504
601
859
1006
774
944
1177
964
850
967
609
689
950
884
950
893
934
837
780
689
600
646
719
850
872
725
679
662
949
971
815
736
975
1112
1089
987
810
971
872
711
980
999
1124
798
981
1042
941
994
1024
960
793
990
1038
856
786
1051
1258
865
786
875
825
820
996
869
768
872
972
748
855
900
581
823
780
732
536
541
602
913
713
933
1116
916
976
1120
1085
987
1074
954
1026
984
764
803
938
811
991
742
963
1110
963
1034
1069
1155
1043
995
881
977
1054
924
1110
1184
958
1081
981
916
1121
917
1107
985
992
866
1037
821
905
914
966
956
787
852
810
843
771
921
861
879
904
1077
1051
848
853
878
955
949
1161
1087
1097
1023
1224
1134
1090
928
958
1169
936
1054
1116
1211
945
1124
1057
960
1089
960
985
1190
1036
998
1180
963
1017
945
948
1131
1148
1209
1435
1228
967
1167
1218
1172
1037
1400
1176
1103
1059
1201
926
869
951
988
1092
1082
1156
910
1004
1238
1234
1154
1127
1019
1124
1172
1133
1166
1136
1309
1347
1294
1111
1308
1090
1228
1421
1449
1203
1011
1253
1172
1039
984
1240
1309
1296
1284
1192
1355
1758
1343
1235
1308
1235
1298
1261
1246
1049
1220
1383
1093
1348
1266
1531
1241
1298
987
1309
1251
1183
1116
1291
1307
1827
1586
1380
1311
1599
1590
1367
1366
1112
1086
1213
1262
1253
838
1148
971
1120
1082
1053
1025
1417
1392
1377
1137
1677
1395
1275
1473
1647
1294
1394
1363
1234
1237
1337
1472
1115
1005
1355
1401
1157
1424
1348
1671
1420
1504
1310
1198
1399
1699
1606
1538
1602
1586
1509
1221
1276
1444
1237
1167
1509
1300
1300
1261
1400
1311
1456
1426
1109
949
1032
1303
1322
1372
1301
1276
1161
1042
1238
1404
1273
1340
1235
1067
1193
1185
1163
1198
1472
1350
1569
1549
1376
1049
1408
1325
1260
1138
1135
1407
1589
1468
1467
1384
1491
1494
1348
1387
1328
1077
1416
1182
1223
1288
1295
1287
1222
934
1302
1385
1131
1106
1099
1301
1030
1201
1324
1135
1237
1702
1787
1242
1685
1639
1492
1326
1192
974
1545
1334
1344
1268
1410
1444
1173
1345
1111
1266
1611
1432
1628
1478
1491
1477
1278
1326
1539
1574
1480
1511
1659
1693
1478
1279
1691
1469
1669
1529
1394
1442
1569
1598
1643
1904
1371
1769
1295
1380
1296
1110
1188
1575
1662
1470
1285
1157
1118
1152
1036
1118
1301
1523
1355
1463
1429
1527
1519
1584
1572
1478
1559
1473
1248
1178
1012
829
1286
1528
1351
1168
1244
1116
1011
1226
1392
1512
1540
1261
1499
1606
1127
1172
1341
1358
1801
1552
1523
1273
1601
1307
1191
1293
1073
1029
1070
1139
1097
1102
1366
1394
1467
1445
1429
1485
1458
1378
1663
1385
1333
1289
1148
1101
1067
1301
1258
1148
1147
1449
1230
1234
1424
1304
1506
1562
1531
1489
1456
1513
1497
1457
1218
1147
970
997
1035
1043
1245
1126
1233
1129
1294
1517
1193
1160
1325
1282
1396
1276
1096
1231
1277
1128
989
1075
1067
1270
1316
1608
1329
1691
1348
1323
1460
1452
1327
1568
1411
1348
1221
1157
1416
1491
1454
1356
1486
1517
1503
1172
1316
995
913
998
1134
994
922
972
989
1068
1028
1074
876
968
958
1149
1113
1140
981
947
1087
1169
1203
1338
1135
1053
1131
993
992
950
1052
981
1389
1235
1200
1078
1082
988
1118
973
1029
936
957
871
1006
1059
1068
1104
1185
1082
1115
1030
1115
1075
1276
1094
1116
1089
967
1118
1111
1230
1085
1064
1137
1130
935
1041
1044
1207
999
991
859
920
953
1244
1184
1218
1159
1159
1136
1122
1183
1269
1203
949
1134
1013
974
901
1008
1207
907
1059
1025
1043
930
1010
1274
1004
959
933
918
1067
1075
1108
959
1086
1094
1036
1011
1023
1145
1093
1158
1061
1081
1129
1004
963
1023
1130
1067
865
376
1113
1093
990
1090
911
1133
1159
1193
1060
1050
1047
908
893
1012
895
885
887
1109
1177
888
901
1103
933
838
728
867
1107
1020
1254
1173
1080
1143
966
985
939
936
1089
1146
983
889
1005
1081
1085
1025
911
952
892
894
723
614
