8400
10165
9482
8041
7939
7608
8304
8485
7278
7427
7556
7763
6995
6593
6766
6486
6120
6536
5462
5906
7147
6074
6038
5596
4529
5149
6640
7593
6264
6091
6504
6909
7803
6562
5600
6091
5959
6379
5898
6676
6058
5301
4311
4352
4004
4823
5664
5291
5017
5778
4107
3872
5120
5862
4861
5173
5614
4019
6558
4443
3980
4884
7562
6978
7453
7683
8347
7850
7069
7506
7800
8417
8109
7417
8318
6942
7089
6422
7878
8026
7408
7456
8552
8144
9695
10640
9098
11069
9978
9931
10372
10868
9536
9620
11131
9552
10940
11762
12179
12230
12985
12430
12085
12448
12511
11931
12177
11656
12030
13813
12314
14144
13988
13150
11548
10644
11675
13425
11417
10033
10587
13250
12739
12140
9729
10396
10459
9491
10411
11816
10164
10174
9597
9182
7983
8116
9560
11214
8935
7365
6977
5733
5314
4684
