6302
4928
4550
4626
4541
5020
4594
5337
4735
4830
4044
4512
3988
4883
4568
4395
4569
4343
4928
4026
4892
4970
5089
4447
4608
3634
4369
4865
4196
5044
5015
4317
4908
4912
4461
4279
4231
4181
4819
4505
4540
5130
4439
4050
4502
2421
3850
4342
4428
3701
3675
3723
3456
4408
2260
3690
2292
4320
3990
4404
4328
3965
4056
3573
2379
4766
4156
4632
4736
5222
4736
4336
4848
4685
4977
4792
5015
5494
5071
4697
4456
4905
5409
4663
5403
5081
3924
4763
5692
5310
5163
4955
5121
6043
6078
6154
6741
6219
6092
6336
6147
6366
5188
7640
7136
6212
9119
8372
7412
8732
8496
8248
8342
7951
7812
5742
6619
6494
6394
6720
9058
7623
6700
6063
6523
6741
6366
5670
8623
7434
6749
5818
6055
7125
6544
6084
5387
5599
5842
5144
5437
5303
5051
5587
