4552
4226
7072
5289
5954
4887
5169
5745
5908
4420
4768
5127
4355
4750
4639
4738
4424
4454
4838
4835
5142
4890
4638
4715
4688
4510
4225
4734
5138
5148
4137
4661
4434
4602
4317
4154
4347
4991
4772
4005
4394
3012
3894
3190
3183
3457
3856
4071
4175
3934
2331
3976
3690
3332
4155
4328
3639
3152
2551
3888
4361
3994
4357
3627
3457
5056
4950
4757
5099
4126
3677
4649
4739
4067
4011
3730
4862
5011
4458
4750
4144
4309
4779
4579
4722
5410
4939
4583
4562
4598
4926
6304
6596
5523
6810
6145
5244
5989
8045
7451
7681
6864
5281
4992
6941
5743
6307
7264
6462
7096
9446
6449
6905
6953
7043
8029
6111
7953
6172
6032
7016
8243
6867
8766
7851
7976
8058
7472
6312
7138
6941
7395
7077
5890
4996
6480
5970
6851
5562
5521
5026
5128
4960
4483
