11279
10241
9510
8681
9197
7912
7537
9352
7664
9421
9014
9472
8596
8727
9100
7424
9055
8806
7748
7986
8561
7317
8885
7859
7298
7978
9296
9989
7718
6355
6522
8667
7330
6005
8548
9943
6872
5700
5605
4752
5073
6491
8335
6760
5799
5430
7968
6121
5665
7340
6986
7744
10622
9679
11055
9175
10629
11816
9300
10874
10728
12029
11716
11712
13908
12168
11395
11926
13547
11180
14457
13132
12657
15655
12106
12311
13227
14415
14724
15261
12731
11452
12228
13381
14166
14967
16143
14997
15580
16359
17418
15575
15434
19028
18840
18734
16844
15827
18982
18128
15689
18305
17179
17908
15291
15477
16911
19006
12959
17073
17727
17784
17033
16358
15789
18394
17527
16539
17106
15600
14014
13742
12936
13956
14453
11683
14434
11941
12961
6538
10941
12633
11612
13755
13565
13346
13111
13713
13830
15059
13156
11621
11273
10840
