12297
11579
9756
9625
8829
10937
9868
5684
1682
6526
8270
8330
8703
8876
8180
9486
8596
8213
8233
6929
8280
7855
8862
7888
7200
7444
6328
6574
8976
6453
7694
7935
8380
8706
9270
7451
8095
7867
7432
6175
6340
5066
5536
5406
7473
6486
8129
8891
8193
7268
8243
7823
9850
8370
9891
10881
11294
11665
12732
11766
10758
11722
10067
12441
13828
13805
11880
12945
12754
11623
12868
11638
10217
12685
12962
13045
13048
14755
15144
14209
12418
12014
13080
15536
15192
14887
17071
14135
15015
14313
15744
15537
16659
15672
16162
16135
15502
16747
18872
17052
15932
16795
16735
17964
16142
15710
16293
14837
15718
15241
16980
16999
15198
15283
17630
14973
19153
17687
14147
14724
14934
14355
13505
14085
14063
14926
12296
10696
12139
12626
15981
14476
13639
11298
11160
11132
12549
15005
12869
10883
10804
11123
11028
11201
